{"level":30,"time":1732761036101,"pid":9040,"hostname":"admsec","msg":"_______________#########_______________________ \n______________############_____________________ \n______________#############____________________ \n_____________##__###########___________________ \n____________###__######_#####__________________ \n____________###_#######___####_________________ \n___________###__##########_####________________ \n__________####__###########_####_______________ \n________#####___###########__#####_____________ \n_______######___###_########___#####___________ \n_______#####___###___########___######_________ \n______######___###__###########___######_______ \n_____######___####_##############__######______ \n____#######__#####################_#######_____ \n____#######__##############################____ \n___#######__######_#################_#######___ \n___#######__######_######_#########___######___ \n___#######____##__######___######_____######___ \n___#######________######____#####_____#####____ \n____######________#####_____#####_____####_____ \n_____#####________####______#####_____###______ \n______#####______;###________###______#________ \n________##_______####________####______________ \nKoiBot 一个基于 node-napcat-ts 的 QQ 机器人\n参考: kivibot@viki && Abot@takayama\n@auther: Admsec github: https://github.com/Admsec"}
{"level":30,"time":1732761078843,"pid":14116,"hostname":"admsec","msg":"_______________#########_______________________ \n______________############_____________________ \n______________#############____________________ \n_____________##__###########___________________ \n____________###__######_#####__________________ \n____________###_#######___####_________________ \n___________###__##########_####________________ \n__________####__###########_####_______________ \n________#####___###########__#####_____________ \n_______######___###_########___#####___________ \n_______#####___###___########___######_________ \n______######___###__###########___######_______ \n_____######___####_##############__######______ \n____#######__#####################_#######_____ \n____#######__##############################____ \n___#######__######_#################_#######___ \n___#######__######_######_#########___######___ \n___#######____##__######___######_____######___ \n___#######________######____#####_____#####____ \n____######________#####_____#####_____####_____ \n_____#####________####______#####_____###______ \n______#####______;###________###______#________ \n________##_______####________####______________ \nKoiBot 一个基于 node-napcat-ts 的 QQ 机器人\n参考: kivibot@viki && Abot@takayama\n@auther: Admsec github: https://github.com/Admsec"}
{"level":30,"time":1732761078874,"pid":14116,"hostname":"admsec","msg":"[*]开始连接 ws://localhost:3001"}
{"level":30,"time":1732761487162,"pid":22364,"hostname":"admsec","msg":"_______________#########_______________________ \n______________############_____________________ \n______________#############____________________ \n_____________##__###########___________________ \n____________###__######_#####__________________ \n____________###_#######___####_________________ \n___________###__##########_####________________ \n__________####__###########_####_______________ \n________#####___###########__#####_____________ \n_______######___###_########___#####___________ \n_______#####___###___########___######_________ \n______######___###__###########___######_______ \n_____######___####_##############__######______ \n____#######__#####################_#######_____ \n____#######__##############################____ \n___#######__######_#################_#######___ \n___#######__######_######_#########___######___ \n___#######____##__######___######_____######___ \n___#######________######____#####_____#####____ \n____######________#####_____#####_____####_____ \n_____#####________####______#####_____###______ \n______#####______;###________###______#________ \n________##_______####________####______________ \nKoiBot 一个基于 node-napcat-ts 的 QQ 机器人\n参考: kivibot@viki && Abot@takayama\n@auther: Admsec github: https://github.com/Admsec"}
{"level":30,"time":1732761487199,"pid":22364,"hostname":"admsec","msg":"[*]开始连接 ws://localhost:3001"}
{"level":30,"time":1732761514903,"pid":21472,"hostname":"admsec","msg":"_______________#########_______________________ \n______________############_____________________ \n______________#############____________________ \n_____________##__###########___________________ \n____________###__######_#####__________________ \n____________###_#######___####_________________ \n___________###__##########_####________________ \n__________####__###########_####_______________ \n________#####___###########__#####_____________ \n_______######___###_########___#####___________ \n_______#####___###___########___######_________ \n______######___###__###########___######_______ \n_____######___####_##############__######______ \n____#######__#####################_#######_____ \n____#######__##############################____ \n___#######__######_#################_#######___ \n___#######__######_######_#########___######___ \n___#######____##__######___######_____######___ \n___#######________######____#####_____#####____ \n____######________#####_____#####_____####_____ \n_____#####________####______#####_____###______ \n______#####______;###________###______#________ \n________##_______####________####______________ \nKoiBot 一个基于 node-napcat-ts 的 QQ 机器人\n参考: kivibot@viki && Abot@takayama\n@auther: Admsec github: https://github.com/Admsec"}
{"level":30,"time":1732761514942,"pid":21472,"hostname":"admsec","msg":"[*]开始连接 ws://localhost:3001"}
{"level":30,"time":1732761555008,"pid":18348,"hostname":"admsec","msg":"_______________#########_______________________ \n______________############_____________________ \n______________#############____________________ \n_____________##__###########___________________ \n____________###__######_#####__________________ \n____________###_#######___####_________________ \n___________###__##########_####________________ \n__________####__###########_####_______________ \n________#####___###########__#####_____________ \n_______######___###_########___#####___________ \n_______#####___###___########___######_________ \n______######___###__###########___######_______ \n_____######___####_##############__######______ \n____#######__#####################_#######_____ \n____#######__##############################____ \n___#######__######_#################_#######___ \n___#######__######_######_#########___######___ \n___#######____##__######___######_____######___ \n___#######________######____#####_____#####____ \n____######________#####_____#####_____####_____ \n_____#####________####______#####_____###______ \n______#####______;###________###______#________ \n________##_______####________####______________ \nKoiBot 一个基于 node-napcat-ts 的 QQ 机器人\n参考: kivibot@viki && Abot@takayama\n@auther: Admsec github: https://github.com/Admsec"}
{"level":30,"time":1732761555047,"pid":18348,"hostname":"admsec","msg":"[*]开始连接 ws://localhost:3001"}
{"level":30,"time":1732761565255,"pid":12460,"hostname":"admsec","msg":"_______________#########_______________________ \n______________############_____________________ \n______________#############____________________ \n_____________##__###########___________________ \n____________###__######_#####__________________ \n____________###_#######___####_________________ \n___________###__##########_####________________ \n__________####__###########_####_______________ \n________#####___###########__#####_____________ \n_______######___###_########___#####___________ \n_______#####___###___########___######_________ \n______######___###__###########___######_______ \n_____######___####_##############__######______ \n____#######__#####################_#######_____ \n____#######__##############################____ \n___#######__######_#################_#######___ \n___#######__######_######_#########___######___ \n___#######____##__######___######_____######___ \n___#######________######____#####_____#####____ \n____######________#####_____#####_____####_____ \n_____#####________####______#####_____###______ \n______#####______;###________###______#________ \n________##_______####________####______________ \nKoiBot 一个基于 node-napcat-ts 的 QQ 机器人\n参考: kivibot@viki && Abot@takayama\n@auther: Admsec github: https://github.com/Admsec"}
{"level":30,"time":1732761565296,"pid":12460,"hostname":"admsec","msg":"[*]开始连接 ws://localhost:3001"}
{"level":30,"time":1732761612428,"pid":23084,"hostname":"admsec","msg":"_______________#########_______________________ \n______________############_____________________ \n______________#############____________________ \n_____________##__###########___________________ \n____________###__######_#####__________________ \n____________###_#######___####_________________ \n___________###__##########_####________________ \n__________####__###########_####_______________ \n________#####___###########__#####_____________ \n_______######___###_########___#####___________ \n_______#####___###___########___######_________ \n______######___###__###########___######_______ \n_____######___####_##############__######______ \n____#######__#####################_#######_____ \n____#######__##############################____ \n___#######__######_#################_#######___ \n___#######__######_######_#########___######___ \n___#######____##__######___######_____######___ \n___#######________######____#####_____#####____ \n____######________#####_____#####_____####_____ \n_____#####________####______#####_____###______ \n______#####______;###________###______#________ \n________##_______####________####______________ \nKoiBot 一个基于 node-napcat-ts 的 QQ 机器人\n参考: kivibot@viki && Abot@takayama\n@auther: Admsec github: https://github.com/Admsec"}
{"level":30,"time":1732761612467,"pid":23084,"hostname":"admsec","msg":"[*]开始连接 ws://localhost:3001"}
{"level":30,"time":1732761656494,"pid":13136,"hostname":"admsec","msg":"_______________#########_______________________ \n______________############_____________________ \n______________#############____________________ \n_____________##__###########___________________ \n____________###__######_#####__________________ \n____________###_#######___####_________________ \n___________###__##########_####________________ \n__________####__###########_####_______________ \n________#####___###########__#####_____________ \n_______######___###_########___#####___________ \n_______#####___###___########___######_________ \n______######___###__###########___######_______ \n_____######___####_##############__######______ \n____#######__#####################_#######_____ \n____#######__##############################____ \n___#######__######_#################_#######___ \n___#######__######_######_#########___######___ \n___#######____##__######___######_____######___ \n___#######________######____#####_____#####____ \n____######________#####_____#####_____####_____ \n_____#####________####______#####_____###______ \n______#####______;###________###______#________ \n________##_______####________####______________ \nKoiBot 一个基于 node-napcat-ts 的 QQ 机器人\n参考: kivibot@viki && Abot@takayama\n@auther: Admsec github: https://github.com/Admsec"}
{"level":30,"time":1732761656532,"pid":13136,"hostname":"admsec","msg":"[*]开始连接 ws://localhost:3001"}
{"level":30,"time":1732761894001,"pid":18652,"hostname":"admsec","msg":"_______________#########_______________________ \n______________############_____________________ \n______________#############____________________ \n_____________##__###########___________________ \n____________###__######_#####__________________ \n____________###_#######___####_________________ \n___________###__##########_####________________ \n__________####__###########_####_______________ \n________#####___###########__#####_____________ \n_______######___###_########___#####___________ \n_______#####___###___########___######_________ \n______######___###__###########___######_______ \n_____######___####_##############__######______ \n____#######__#####################_#######_____ \n____#######__##############################____ \n___#######__######_#################_#######___ \n___#######__######_######_#########___######___ \n___#######____##__######___######_____######___ \n___#######________######____#####_____#####____ \n____######________#####_____#####_____####_____ \n_____#####________####______#####_____###______ \n______#####______;###________###______#________ \n________##_______####________####______________ \nKoiBot 一个基于 node-napcat-ts 的 QQ 机器人\n参考: kivibot@viki && Abot@takayama\n@auther: Admsec github: https://github.com/Admsec"}
{"level":30,"time":1732761894046,"pid":18652,"hostname":"admsec","msg":"[*]开始连接 ws://localhost:3001"}
{"level":30,"time":1732762208323,"pid":7656,"hostname":"admsec","msg":"_______________#########_______________________ \n______________############_____________________ \n______________#############____________________ \n_____________##__###########___________________ \n____________###__######_#####__________________ \n____________###_#######___####_________________ \n___________###__##########_####________________ \n__________####__###########_####_______________ \n________#####___###########__#####_____________ \n_______######___###_########___#####___________ \n_______#####___###___########___######_________ \n______######___###__###########___######_______ \n_____######___####_##############__######______ \n____#######__#####################_#######_____ \n____#######__##############################____ \n___#######__######_#################_#######___ \n___#######__######_######_#########___######___ \n___#######____##__######___######_____######___ \n___#######________######____#####_____#####____ \n____######________#####_____#####_____####_____ \n_____#####________####______#####_____###______ \n______#####______;###________###______#________ \n________##_______####________####______________ \nKoiBot 一个基于 node-napcat-ts 的 QQ 机器人\n参考: kivibot@viki && Abot@takayama\n@auther: Admsec github: https://github.com/Admsec"}
{"level":30,"time":1732762208361,"pid":7656,"hostname":"admsec","msg":"[*]开始连接 ws://localhost:3001"}
{"level":"info","message":"_______________#########_______________________ \n______________############_____________________ \n______________#############____________________ \n_____________##__###########___________________ \n____________###__######_#####__________________ \n____________###_#######___####_________________ \n___________###__##########_####________________ \n__________####__###########_####_______________ \n________#####___###########__#####_____________ \n_______######___###_########___#####___________ \n_______#####___###___########___######_________ \n______######___###__###########___######_______ \n_____######___####_##############__######______ \n____#######__#####################_#######_____ \n____#######__##############################____ \n___#######__######_#################_#######___ \n___#######__######_######_#########___######___ \n___#######____##__######___######_____######___ \n___#######________######____#####_____#####____ \n____######________#####_____#####_____####_____ \n_____#####________####______#####_____###______ \n______#####______;###________###______#________ \n________##_______####________####______________ \nKoiBot 一个基于 node-napcat-ts 的 QQ 机器人\n参考: kivibot@viki && Abot@takayama\n@auther: Admsec github: https://github.com/Admsec","timestamp":"2024-11-28T02:59:09.932Z"}
{"level":"info","message":"[*]开始连接 ws://localhost:3001","timestamp":"2024-11-28T02:59:09.969Z"}
info: _______________#########_______________________ 
______________############_____________________ 
______________#############____________________ 
_____________##__###########___________________ 
____________###__######_#####__________________ 
____________###_#######___####_________________ 
___________###__##########_####________________ 
__________####__###########_####_______________ 
________#####___###########__#####_____________ 
_______######___###_########___#####___________ 
_______#####___###___########___######_________ 
______######___###__###########___######_______ 
_____######___####_##############__######______ 
____#######__#####################_#######_____ 
____#######__##############################____ 
___#######__######_#################_#######___ 
___#######__######_######_#########___######___ 
___#######____##__######___######_____######___ 
___#######________######____#####_____#####____ 
____######________#####_____#####_____####_____ 
_____#####________####______#####_____###______ 
______#####______;###________###______#________ 
________##_______####________####______________ 
KoiBot 一个基于 node-napcat-ts 的 QQ 机器人
参考: kivibot@viki && Abot@takayama
@auther: Admsec github: https://github.com/Admsec
info: [*]开始连接 ws://localhost:3001
undefined
undefined
undefined
undefined
{"level":"info","message":"_______________#########_______________________ \n______________############_____________________ \n______________#############____________________ \n_____________##__###########___________________ \n____________###__######_#####__________________ \n____________###_#######___####_________________ \n___________###__##########_####________________ \n__________####__###########_####_______________ \n________#####___###########__#####_____________ \n_______######___###_########___#####___________ \n_______#####___###___########___######_________ \n______######___###__###########___######_______ \n_____######___####_##############__######______ \n____#######__#####################_#######_____ \n____#######__##############################____ \n___#######__######_#################_#######___ \n___#######__######_######_#########___######___ \n___#######____##__######___######_____######___ \n___#######________######____#####_____#####____ \n____######________#####_____#####_____####_____ \n_____#####________####______#####_____###______ \n______#####______;###________###______#________ \n________##_______####________####______________ \nKoiBot 一个基于 node-napcat-ts 的 QQ 机器人\n参考: kivibot@viki && Abot@takayama\n@auther: Admsec github: https://github.com/Admsec"}
{"level":"error","message":"[-]websocket 连接错误: connect_error"}
{"level":"error","message":"[-]websocket 连接关闭: 1006"}
{"level":"error","message":"[-]websocket 连接错误: connect_error"}
{"level":"error","message":"[-]websocket 连接关闭: 1006"}
{"level":"error","message":"[-]websocket 连接错误: connect_error"}
{"level":"error","message":"[-]websocket 连接关闭: 1006"}
{"level":"error","message":"[-]websocket 连接错误: connect_error"}
{"level":"error","message":"[-]websocket 连接关闭: 1006"}
{"level":"error","message":"[-]websocket 连接错误: connect_error"}
{"level":"error","message":"[-]websocket 连接关闭: 1006"}
{"level":"error","message":"[-]websocket 连接错误: connect_error"}
{"level":"error","message":"[-]websocket 连接关闭: 1006"}
{"level":"error","message":"[-]websocket 连接错误: connect_error"}
{"level":"error","message":"[-]websocket 连接关闭: 1006"}
{"level":"info","message":"[*]开始连接 ws://localhost:3001"}
undefined
undefined
[32minfo[39m: 
_______________#########_______________________ 
______________############_____________________ 
______________#############____________________ 
_____________##__###########___________________ 
____________###__######_#####__________________ 
____________###_#######___####_________________ 
___________###__##########_####________________ 
__________####__###########_####_______________ 
________#####___###########__#####_____________ 
_______######___###_########___#####___________ 
_______#####___###___########___######_________ 
______######___###__###########___######_______ 
_____######___####_##############__######______ 
____#######__#####################_#######_____ 
____#######__##############################____ 
___#######__######_#################_#######___ 
___#######__######_######_#########___######___ 
___#######____##__######___######_____######___ 
___#######________######____#####_____#####____ 
____######________#####_____#####_____####_____ 
_____#####________####______#####_____###______ 
______#####______;###________###______#________ 
________##_______####________####______________ 
KoiBot 一个基于 node-napcat-ts 的 QQ 机器人
参考: kivibot@viki && Abot@takayama
@auther: Admsec github: https://github.com/Admsec
[32minfo[39m: [*]开始连接 ws://localhost:3001
[32minfo[39m: 
_______________#########_______________________ 
______________############_____________________ 
______________#############____________________ 
_____________##__###########___________________ 
____________###__######_#####__________________ 
____________###_#######___####_________________ 
___________###__##########_####________________ 
__________####__###########_####_______________ 
________#####___###########__#####_____________ 
_______######___###_########___#####___________ 
_______#####___###___########___######_________ 
______######___###__###########___######_______ 
_____######___####_##############__######______ 
____#######__#####################_#######_____ 
____#######__##############################____ 
___#######__######_#################_#######___ 
___#######__######_######_#########___######___ 
___#######____##__######___######_____######___ 
___#######________######____#####_____#####____ 
____######________#####_____#####_____####_____ 
_____#####________####______#####_____###______ 
______#####______;###________###______#________ 
________##_______####________####______________ 
KoiBot 一个基于 node-napcat-ts 的 QQ 机器人
参考: kivibot@viki && Abot@takayama
@auther: Admsec github: https://github.com/Admsec
[32minfo[39m: [*]开始连接 ws://localhost:3001
{"level":"info","message":"\n_______________#########_______________________ \n______________############_____________________ \n______________#############____________________ \n_____________##__###########___________________ \n____________###__######_#####__________________ \n____________###_#######___####_________________ \n___________###__##########_####________________ \n__________####__###########_####_______________ \n________#####___###########__#####_____________ \n_______######___###_########___#####___________ \n_______#####___###___########___######_________ \n______######___###__###########___######_______ \n_____######___####_##############__######______ \n____#######__#####################_#######_____ \n____#######__##############################____ \n___#######__######_#################_#######___ \n___#######__######_######_#########___######___ \n___#######____##__######___######_____######___ \n___#######________######____#####_____#####____ \n____######________#####_____#####_____####_____ \n_____#####________####______#####_____###______ \n______#####______;###________###______#________ \n________##_______####________####______________ \nKoiBot 一个基于 node-napcat-ts 的 QQ 机器人\n参考: kivibot@viki && Abot@takayama\n@auther: Admsec github: https://github.com/Admsec"}
{"level":"info","message":"[*]开始连接 ws://localhost:3001"}
{"level":"info","message":"\n_______________#########_______________________ \n______________############_____________________ \n______________#############____________________ \n_____________##__###########___________________ \n____________###__######_#####__________________ \n____________###_#######___####_________________ \n___________###__##########_####________________ \n__________####__###########_####_______________ \n________#####___###########__#####_____________ \n_______######___###_########___#####___________ \n_______#####___###___########___######_________ \n______######___###__###########___######_______ \n_____######___####_##############__######______ \n____#######__#####################_#######_____ \n____#######__##############################____ \n___#######__######_#################_#######___ \n___#######__######_######_#########___######___ \n___#######____##__######___######_____######___ \n___#######________######____#####_____#####____ \n____######________#####_____#####_____####_____ \n_____#####________####______#####_____###______ \n______#####______;###________###______#________ \n________##_______####________####______________ \nKoiBot 一个基于 node-napcat-ts 的 QQ 机器人\n参考: kivibot@viki && Abot@takayama\n@auther: Admsec github: https://github.com/Admsec"}
{"level":"info","message":"[*]开始连接 ws://localhost:3001"}
{"level":"info","message":"\n_______________#########_______________________ \n______________############_____________________ \n______________#############____________________ \n_____________##__###########___________________ \n____________###__######_#####__________________ \n____________###_#######___####_________________ \n___________###__##########_####________________ \n__________####__###########_####_______________ \n________#####___###########__#####_____________ \n_______######___###_########___#####___________ \n_______#####___###___########___######_________ \n______######___###__###########___######_______ \n_____######___####_##############__######______ \n____#######__#####################_#######_____ \n____#######__##############################____ \n___#######__######_#################_#######___ \n___#######__######_######_#########___######___ \n___#######____##__######___######_____######___ \n___#######________######____#####_____#####____ \n____######________#####_____#####_____####_____ \n_____#####________####______#####_____###______ \n______#####______;###________###______#________ \n________##_______####________####______________ \nKoiBot 一个基于 node-napcat-ts 的 QQ 机器人\n参考: kivibot@viki && Abot@takayama\n@auther: Admsec github: https://github.com/Admsec"}
{"level":"info","message":"[*]开始连接 ws://localhost:3001"}
{"level":"info","message":"\n_______________#########_______________________ \n______________############_____________________ \n______________#############____________________ \n_____________##__###########___________________ \n____________###__######_#####__________________ \n____________###_#######___####_________________ \n___________###__##########_####________________ \n__________####__###########_####_______________ \n________#####___###########__#####_____________ \n_______######___###_########___#####___________ \n_______#####___###___########___######_________ \n______######___###__###########___######_______ \n_____######___####_##############__######______ \n____#######__#####################_#######_____ \n____#######__##############################____ \n___#######__######_#################_#######___ \n___#######__######_######_#########___######___ \n___#######____##__######___######_____######___ \n___#######________######____#####_____#####____ \n____######________#####_____#####_____####_____ \n_____#####________####______#####_____###______ \n______#####______;###________###______#________ \n________##_______####________####______________ \nKoiBot 一个基于 node-napcat-ts 的 QQ 机器人\n参考: kivibot@viki && Abot@takayama\n@auther: Admsec github: https://github.com/Admsec"}
{"level":"info","message":"[*]开始连接 ws://localhost:3001"}
{"level":"info","message":"\n_______________#########_______________________ \n______________############_____________________ \n______________#############____________________ \n_____________##__###########___________________ \n____________###__######_#####__________________ \n____________###_#######___####_________________ \n___________###__##########_####________________ \n__________####__###########_####_______________ \n________#####___###########__#####_____________ \n_______######___###_########___#####___________ \n_______#####___###___########___######_________ \n______######___###__###########___######_______ \n_____######___####_##############__######______ \n____#######__#####################_#######_____ \n____#######__##############################____ \n___#######__######_#################_#######___ \n___#######__######_######_#########___######___ \n___#######____##__######___######_____######___ \n___#######________######____#####_____#####____ \n____######________#####_____#####_____####_____ \n_____#####________####______#####_____###______ \n______#####______;###________###______#________ \n________##_______####________####______________ \nKoiBot 一个基于 node-napcat-ts 的 QQ 机器人\n参考: kivibot@viki && Abot@takayama\n@auther: Admsec github: https://github.com/Admsec"}
{"level":"info","message":"[*]开始连接 ws://localhost:3001"}
{"level":"info","message":"\n_______________#########_______________________ \n______________############_____________________ \n______________#############____________________ \n_____________##__###########___________________ \n____________###__######_#####__________________ \n____________###_#######___####_________________ \n___________###__##########_####________________ \n__________####__###########_####_______________ \n________#####___###########__#####_____________ \n_______######___###_########___#####___________ \n_______#####___###___########___######_________ \n______######___###__###########___######_______ \n_____######___####_##############__######______ \n____#######__#####################_#######_____ \n____#######__##############################____ \n___#######__######_#################_#######___ \n___#######__######_######_#########___######___ \n___#######____##__######___######_____######___ \n___#######________######____#####_____#####____ \n____######________#####_____#####_____####_____ \n_____#####________####______#####_____###______ \n______#####______;###________###______#________ \n________##_______####________####______________ \nKoiBot 一个基于 node-napcat-ts 的 QQ 机器人\n参考: kivibot@viki && Abot@takayama\n@auther: Admsec github: https://github.com/Admsec"}
{"level":"info","message":"[*]开始连接 ws://localhost:3001"}
{"level":"info","message":"\n_______________#########_______________________ \n______________############_____________________ \n______________#############____________________ \n_____________##__###########___________________ \n____________###__######_#####__________________ \n____________###_#######___####_________________ \n___________###__##########_####________________ \n__________####__###########_####_______________ \n________#####___###########__#####_____________ \n_______######___###_########___#####___________ \n_______#####___###___########___######_________ \n______######___###__###########___######_______ \n_____######___####_##############__######______ \n____#######__#####################_#######_____ \n____#######__##############################____ \n___#######__######_#################_#######___ \n___#######__######_######_#########___######___ \n___#######____##__######___######_____######___ \n___#######________######____#####_____#####____ \n____######________#####_____#####_____####_____ \n_____#####________####______#####_____###______ \n______#####______;###________###______#________ \n________##_______####________####______________ \nKoiBot 一个基于 node-napcat-ts 的 QQ 机器人\n参考: kivibot@viki && Abot@takayama\n@auther: Admsec github: https://github.com/Admsec"}
{"level":"info","message":"[*]开始连接 ws://localhost:3001"}
{"level":"info","message":"\n_______________#########_______________________ \n______________############_____________________ \n______________#############____________________ \n_____________##__###########___________________ \n____________###__######_#####__________________ \n____________###_#######___####_________________ \n___________###__##########_####________________ \n__________####__###########_####_______________ \n________#####___###########__#####_____________ \n_______######___###_########___#####___________ \n_______#####___###___########___######_________ \n______######___###__###########___######_______ \n_____######___####_##############__######______ \n____#######__#####################_#######_____ \n____#######__##############################____ \n___#######__######_#################_#######___ \n___#######__######_######_#########___######___ \n___#######____##__######___######_____######___ \n___#######________######____#####_____#####____ \n____######________#####_____#####_____####_____ \n_____#####________####______#####_____###______ \n______#####______;###________###______#________ \n________##_______####________####______________ \nKoiBot 一个基于 node-napcat-ts 的 QQ 机器人\n参考: kivibot@viki && Abot@takayama\n@auther: Admsec github: https://github.com/Admsec"}
{"level":"info","message":"[+]插件koi_cmd已启用"}
{"level":"info","message":"[+]插件点赞已启用"}
{"level":"info","message":"[+]插件示例已启用"}
{"level":"info","message":"[*]开始连接 ws://localhost:3001"}
{"level":"info","message":"\n_______________#########_______________________ \n______________############_____________________ \n______________#############____________________ \n_____________##__###########___________________ \n____________###__######_#####__________________ \n____________###_#######___####_________________ \n___________###__##########_####________________ \n__________####__###########_####_______________ \n________#####___###########__#####_____________ \n_______######___###_########___#####___________ \n_______#####___###___########___######_________ \n______######___###__###########___######_______ \n_____######___####_##############__######______ \n____#######__#####################_#######_____ \n____#######__##############################____ \n___#######__######_#################_#######___ \n___#######__######_######_#########___######___ \n___#######____##__######___######_____######___ \n___#######________######____#####_____#####____ \n____######________#####_____#####_____####_____ \n_____#####________####______#####_____###______ \n______#####______;###________###______#________ \n________##_______####________####______________ \nKoiBot 一个基于 node-napcat-ts 的 QQ 机器人\n参考: kivibot@viki && Abot@takayama\n@auther: Admsec github: https://github.com/Admsec"}
{"level":"info","message":"[+]插件koi_cmd已启用"}
{"level":"info","message":"[+]插件点赞已启用"}
{"level":"info","message":"[+]插件示例已启用"}
{"level":"info","message":"[*]开始连接 ws://localhost:3001"}
{"level":"info","message":"\n_______________#########_______________________ \n______________############_____________________ \n______________#############____________________ \n_____________##__###########___________________ \n____________###__######_#####__________________ \n____________###_#######___####_________________ \n___________###__##########_####________________ \n__________####__###########_####_______________ \n________#####___###########__#####_____________ \n_______######___###_########___#####___________ \n_______#####___###___########___######_________ \n______######___###__###########___######_______ \n_____######___####_##############__######______ \n____#######__#####################_#######_____ \n____#######__##############################____ \n___#######__######_#################_#######___ \n___#######__######_######_#########___######___ \n___#######____##__######___######_____######___ \n___#######________######____#####_____#####____ \n____######________#####_____#####_____####_____ \n_____#####________####______#####_____###______ \n______#####______;###________###______#________ \n________##_______####________####______________ \nKoiBot 一个基于 node-napcat-ts 的 QQ 机器人\n参考: kivibot@viki && Abot@takayama\n@auther: Admsec github: https://github.com/Admsec"}
{"level":"info","message":"[+]插件koi_cmd已启用"}
{"level":"info","message":"[+]插件点赞已启用"}
{"level":"info","message":"[+]插件示例已启用"}
{"level":"info","message":"插件加载完毕, 一共导入3个插件, 成功: 3, 失败: 0"}
{"level":"info","message":"[*]开始连接 ws://localhost:3001"}
{"level":"info","message":"\n_______________#########_______________________ \n______________############_____________________ \n______________#############____________________ \n_____________##__###########___________________ \n____________###__######_#####__________________ \n____________###_#######___####_________________ \n___________###__##########_####________________ \n__________####__###########_####_______________ \n________#####___###########__#####_____________ \n_______######___###_########___#####___________ \n_______#####___###___########___######_________ \n______######___###__###########___######_______ \n_____######___####_##############__######______ \n____#######__#####################_#######_____ \n____#######__##############################____ \n___#######__######_#################_#######___ \n___#######__######_######_#########___######___ \n___#######____##__######___######_____######___ \n___#######________######____#####_____#####____ \n____######________#####_____#####_____####_____ \n_____#####________####______#####_____###______ \n______#####______;###________###______#________ \n________##_______####________####______________ \nKoiBot 一个基于 node-napcat-ts 的 QQ 机器人\n参考: kivibot@viki && Abot@takayama\n@auther: Admsec github: https://github.com/Admsec"}
{"level":"info","message":"[+]插件koi_cmd已启用"}
{"level":"info","message":"[+]插件点赞已启用"}
{"level":"info","message":"[+]插件示例已启用"}
{"level":"info","message":"[+]插件加载完毕, 一共导入3个插件, 成功: 3, 失败: 0"}
{"level":"info","message":"[*]开始连接 ws://localhost:3001"}
{"level":"info","message":"[+]读取配置文件信息: C:\\Users\\14470\\Documents\\NapCat\\koibot\\config.yaml"}
{"level":"info","message":"\n_______________#########_______________________ \n______________############_____________________ \n______________#############____________________ \n_____________##__###########___________________ \n____________###__######_#####__________________ \n____________###_#######___####_________________ \n___________###__##########_####________________ \n__________####__###########_####_______________ \n________#####___###########__#####_____________ \n_______######___###_########___#####___________ \n_______#####___###___########___######_________ \n______######___###__###########___######_______ \n_____######___####_##############__######______ \n____#######__#####################_#######_____ \n____#######__##############################____ \n___#######__######_#################_#######___ \n___#######__######_######_#########___######___ \n___#######____##__######___######_____######___ \n___#######________######____#####_____#####____ \n____######________#####_____#####_____####_____ \n_____#####________####______#####_____###______ \n______#####______;###________###______#________ \n________##_______####________####______________ \nKoiBot 一个基于 node-napcat-ts 的 QQ 机器人\n参考: kivibot@viki && Abot@takayama\n@auther: Admsec github: https://github.com/Admsec"}
{"level":"info","message":"[+]插件koi_cmd已启用"}
{"level":"info","message":"[+]插件点赞已启用"}
{"level":"info","message":"[+]插件示例已启用"}
{"level":"info","message":"[+]插件加载完毕, 一共导入3个插件, 成功: 3, 失败: 0"}
{"level":"info","message":"[*]开始连接 ws://localhost:3001"}
{"level":"info","message":"\n_______________#########_______________________ \n______________############_____________________ \n______________#############____________________ \n_____________##__###########___________________ \n____________###__######_#####__________________ \n____________###_#######___####_________________ \n___________###__##########_####________________ \n__________####__###########_####_______________ \n________#####___###########__#####_____________ \n_______######___###_########___#####___________ \n_______#####___###___########___######_________ \n______######___###__###########___######_______ \n_____######___####_##############__######______ \n____#######__#####################_#######_____ \n____#######__##############################____ \n___#######__######_#################_#######___ \n___#######__######_######_#########___######___ \n___#######____##__######___######_____######___ \n___#######________######____#####_____#####____ \n____######________#####_____#####_____####_____ \n_____#####________####______#####_____###______ \n______#####______;###________###______#________ \n________##_______####________####______________ \nKoiBot 一个基于 node-napcat-ts 的 QQ 机器人\n参考: kivibot@viki && Abot@takayama\n@auther: Admsec github: https://github.com/Admsec"}
{"level":"info","message":"[+]插件koi_cmd已启用"}
{"level":"info","message":"[+]插件点赞已启用"}
{"level":"info","message":"[+]插件示例已启用"}
{"level":"info","message":"[+]插件加载完毕, 一共导入3个插件, 成功: 3, 失败: 0"}
{"level":"info","message":"[*]开始连接 ws://localhost:3001"}
